<?xml version="1.0" encoding="UTF-8"?>
<!-- Generated by org.testng.reporters.JUnitXMLReporter -->
<testsuite ignored="1" hostname="Alexanders-MacBook-Pro.local" failures="1" tests="11" name="Car Loan" time="0.132" errors="0" timestamp="2021-07-20T15:10:03 EDT">
  <testcase classname="com.selenium.testng.CarLoan" name="APILogin" time="0.015">
    <failure type="java.lang.AssertionError" message="expected [true] but found [false]">
      <![CDATA[java.lang.AssertionError: expected [true] but found [false]
at com.selenium.testng.CarLoan.APILogin(CarLoan.java:31)
at java.base/java.util.concurrent.FutureTask.run(FutureTask.java:264)
at java.base/java.util.concurrent.ThreadPoolExecutor.runWorker(ThreadPoolExecutor.java:1130)
at java.base/java.util.concurrent.ThreadPoolExecutor$Worker.run(ThreadPoolExecutor.java:630)
at java.base/java.lang.Thread.run(Thread.java:831)
... Removed 12 stack frames]]>
    </failure>
  </testcase> <!-- APILogin -->
  <testcase classname="com.selenium.testng.CarLoan" name="MobileLogin" time="0.001"/>
  <testcase classname="com.selenium.testng.CarLoan" name="WebLogin" time="0.001"/>
  <testcase classname="com.selenium.testng.CarLoan" name="dataProdviderTest" time="0.003"/>
  <testcase classname="com.selenium.testng.CarLoan" name="dataProdviderTest" time="0.002"/>
  <testcase classname="com.selenium.testng.CarLoan" name="dataProdviderTest" time="0.001"/>
  <testcase classname="com.selenium.testng.FirstTest" name="printDemo" time="0.002"/>
  <testcase classname="com.selenium.testng.PersonalLoan" name="MobileSignOut" time="0.003"/>
  <testcase classname="com.selenium.testng.PersonalLoan" name="MobileSignin" time="0.001"/>
  <testcase classname="com.selenium.testng.PersonalLoan" name="MobileLogin" time="0.003"/>
  <testcase classname="com.selenium.testng.PersonalLoan" name="APILogin" time="0.002"/>
  <testcase classname="com.selenium.testng.PersonalLoan" name="WebLogin" time="0.0">
    <ignored/>
  </testcase> <!-- WebLogin -->
</testsuite> <!-- Car Loan -->
