<?xml version="1.0" encoding="UTF-8"?>
<!-- Generated by org.testng.reporters.JUnitReportReporter -->
<testsuite hostname="Alexanders-MacBook-Pro.local" failures="1" tests="6" name="com.selenium.testng.CarLoan" time="0.028" errors="0" timestamp="2021-07-20T15:10:03 EDT" skipped="0">
  <testcase classname="com.selenium.testng.CarLoan" name="dataProdviderTest" time="0.001"/>
  <system-out/>
  <testcase classname="com.selenium.testng.CarLoan" name="dataProdviderTest" time="0.003"/>
  <system-out/>
  <testcase classname="com.selenium.testng.CarLoan" name="APILogin" time="0.017">
    <failure message="expected [true] but found [false]" type="java.lang.AssertionError">
      <![CDATA[java.lang.AssertionError: expected [true] but found [false]
at org.testng.Assert.fail(Assert.java:99)
at org.testng.Assert.failNotEquals(Assert.java:1037)
at org.testng.Assert.assertTrue(Assert.java:45)
at org.testng.Assert.assertTrue(Assert.java:55)
at com.selenium.testng.CarLoan.APILogin(CarLoan.java:31)
at java.base/jdk.internal.reflect.NativeMethodAccessorImpl.invoke0(Native Method)
at java.base/jdk.internal.reflect.NativeMethodAccessorImpl.invoke(NativeMethodAccessorImpl.java:78)
at java.base/jdk.internal.reflect.DelegatingMethodAccessorImpl.invoke(DelegatingMethodAccessorImpl.java:43)
at java.base/java.lang.reflect.Method.invoke(Method.java:567)
at org.testng.internal.MethodInvocationHelper.invokeMethod(MethodInvocationHelper.java:133)
at org.testng.internal.InvokeMethodRunnable.runOne(InvokeMethodRunnable.java:45)
at org.testng.internal.InvokeMethodRunnable.call(InvokeMethodRunnable.java:73)
at org.testng.internal.InvokeMethodRunnable.call(InvokeMethodRunnable.java:11)
at java.base/java.util.concurrent.FutureTask.run(FutureTask.java:264)
at java.base/java.util.concurrent.ThreadPoolExecutor.runWorker(ThreadPoolExecutor.java:1130)
at java.base/java.util.concurrent.ThreadPoolExecutor$Worker.run(ThreadPoolExecutor.java:630)
at java.base/java.lang.Thread.run(Thread.java:831)
]]>
    </failure>
  </testcase> <!-- APILogin -->
  <system-out/>
  <testcase classname="com.selenium.testng.CarLoan" name="WebLogin" time="0.001"/>
  <system-out/>
  <testcase classname="com.selenium.testng.CarLoan" name="dataProdviderTest" time="0.004"/>
  <system-out/>
  <testcase classname="com.selenium.testng.CarLoan" name="MobileLogin" time="0.002"/>
  <system-out/>
</testsuite> <!-- com.selenium.testng.CarLoan -->
